2025-01-21 20:59:01,515 - INFO - Sentiment analysis model loaded successfully.
2025-01-21 20:59:01,846 - INFO - HTTP Request: GET http://127.0.0.1:7860/gradio_api/startup-events "HTTP/1.1 200 OK"
2025-01-21 20:59:01,857 - INFO - HTTP Request: HEAD http://127.0.0.1:7860/ "HTTP/1.1 200 OK"
2025-01-21 20:59:02,079 - INFO - HTTP Request: GET https://api.gradio.app/pkg-version "HTTP/1.1 200 OK"
2025-01-21 20:59:47,338 - INFO - file_cache is only supported with oauth2client<4.0.0
2025-01-21 20:59:47,759 - INFO - Fetched 100 comments for Video ID: 0e9WuB0Ua98
2025-01-21 20:59:58,288 - INFO - Sentiment analysis completed successfully.
2025-01-21 20:59:58,321 - INFO - Pie chart generated successfully.
2025-01-21 20:59:58,322 - INFO - Overall Sentiment: Overall Video Sentiment: POSITIVE
2025-01-21 21:01:20,143 - INFO - Sentiment analysis model loaded successfully.
2025-01-21 21:01:20,338 - INFO - HTTP Request: GET http://127.0.0.1:7860/gradio_api/startup-events "HTTP/1.1 200 OK"
2025-01-21 21:01:20,350 - INFO - HTTP Request: HEAD http://127.0.0.1:7860/ "HTTP/1.1 200 OK"
2025-01-21 21:01:20,653 - INFO - HTTP Request: GET https://api.gradio.app/pkg-version "HTTP/1.1 200 OK"
2025-01-21 21:01:20,774 - INFO - HTTP Request: GET https://api.gradio.app/v3/tunnel-request "HTTP/1.1 200 OK"
2025-01-21 21:01:21,045 - INFO - HTTP Request: GET https://cdn-media.huggingface.co/frpc-gradio-0.3/frpc_darwin_arm64 "HTTP/1.1 200 OK"
2025-01-21 21:02:10,155 - INFO - file_cache is only supported with oauth2client<4.0.0
2025-01-21 21:02:10,589 - INFO - Fetched 100 comments for Video ID: AJCfETtP4MU
2025-01-21 21:02:14,581 - INFO - Sentiment analysis completed successfully.
2025-01-21 21:02:14,615 - INFO - Pie chart generated successfully.
2025-01-21 21:02:14,615 - INFO - Overall Sentiment: Overall Video Sentiment: POSITIVE
2025-01-21 21:02:30,533 - INFO - file_cache is only supported with oauth2client<4.0.0
2025-01-21 21:02:31,468 - INFO - Fetched 260 comments for Video ID: AJCfETtP4MU
2025-01-21 21:02:36,474 - INFO - Sentiment analysis completed successfully.
2025-01-21 21:02:36,483 - INFO - Pie chart generated successfully.
2025-01-21 21:02:36,483 - INFO - Overall Sentiment: Overall Video Sentiment: POSITIVE
2025-01-21 21:06:26,150 - INFO - Sentiment analysis model loaded successfully.
2025-01-21 21:06:26,349 - INFO - HTTP Request: GET http://127.0.0.1:7860/gradio_api/startup-events "HTTP/1.1 200 OK"
2025-01-21 21:06:26,358 - INFO - HTTP Request: HEAD http://127.0.0.1:7860/ "HTTP/1.1 200 OK"
2025-01-21 21:06:26,754 - INFO - HTTP Request: GET https://api.gradio.app/pkg-version "HTTP/1.1 200 OK"
2025-01-21 21:06:26,759 - INFO - HTTP Request: GET https://api.gradio.app/v3/tunnel-request "HTTP/1.1 200 OK"
2025-01-21 21:06:51,305 - INFO - file_cache is only supported with oauth2client<4.0.0
2025-01-21 21:06:51,613 - INFO - file_cache is only supported with oauth2client<4.0.0
2025-01-21 21:06:51,987 - INFO - Fetched 100 comments for Video ID: AJCfETtP4MU
2025-01-21 21:06:55,193 - INFO - Sentiment analysis completed successfully.
2025-01-21 21:06:55,193 - ERROR - Unexpected Error: plot_pie_chart() takes 1 positional argument but 2 were given
Traceback (most recent call last):
  File "/Users/yuvaraj/Desktop/projects/youtube_sentiment/app.py", line 34, in youtube_sentiment_analysis
    chart = plot_pie_chart(sentiment_counts, video_title)  # Pass title to the chart
            ^^^^^^^^^^^^^^^^^^^^^^^^^^^^^^^^^^^^^^^^^^^^^
TypeError: plot_pie_chart() takes 1 positional argument but 2 were given
2025-01-21 21:07:40,760 - INFO - Sentiment analysis model loaded successfully.
2025-01-21 21:07:40,976 - INFO - HTTP Request: GET http://127.0.0.1:7860/gradio_api/startup-events "HTTP/1.1 200 OK"
2025-01-21 21:07:40,985 - INFO - HTTP Request: HEAD http://127.0.0.1:7860/ "HTTP/1.1 200 OK"
2025-01-21 21:07:41,220 - INFO - HTTP Request: GET https://api.gradio.app/pkg-version "HTTP/1.1 200 OK"
2025-01-21 21:07:41,393 - INFO - HTTP Request: GET https://api.gradio.app/v3/tunnel-request "HTTP/1.1 200 OK"
2025-01-21 21:08:11,118 - INFO - file_cache is only supported with oauth2client<4.0.0
2025-01-21 21:08:11,392 - INFO - file_cache is only supported with oauth2client<4.0.0
2025-01-21 21:08:11,737 - INFO - Fetched 100 comments for Video ID: AJCfETtP4MU
2025-01-21 21:08:15,063 - INFO - Sentiment analysis completed successfully.
2025-01-21 21:08:15,086 - INFO - Pie chart generated successfully for Naruto Surpasses Fourth Raikage's Max Speed, Minato Fights Killer Bee And 4th Raikage  English DUB.
2025-01-21 21:08:15,086 - INFO - Overall Sentiment: Overall Video Sentiment: POSITIVE
2025-01-21 21:09:41,262 - INFO - Sentiment analysis model loaded successfully.
2025-01-21 21:09:41,427 - INFO - HTTP Request: GET http://127.0.0.1:7860/gradio_api/startup-events "HTTP/1.1 200 OK"
2025-01-21 21:09:41,436 - INFO - HTTP Request: HEAD http://127.0.0.1:7860/ "HTTP/1.1 200 OK"
2025-01-21 21:09:41,743 - INFO - HTTP Request: GET https://api.gradio.app/pkg-version "HTTP/1.1 200 OK"
2025-01-21 21:09:41,852 - INFO - HTTP Request: GET https://api.gradio.app/v3/tunnel-request "HTTP/1.1 200 OK"
2025-01-21 21:10:01,316 - INFO - file_cache is only supported with oauth2client<4.0.0
2025-01-21 21:10:01,558 - INFO - file_cache is only supported with oauth2client<4.0.0
2025-01-21 21:10:01,947 - INFO - Fetched 100 comments for Video ID: AJCfETtP4MU
2025-01-21 21:10:05,192 - INFO - Sentiment analysis completed successfully.
2025-01-21 21:10:05,212 - INFO - Pie chart generated successfully for Naruto Surpasses Fourth Raikage's Max Speed, Minato Fights Killer Bee And 4th Raikage  English DUB.
2025-01-21 21:10:05,212 - INFO - Overall Sentiment: Overall Video Sentiment: POSITIVE
2025-01-21 21:11:29,127 - INFO - Sentiment analysis model loaded successfully.
2025-01-21 21:11:29,357 - INFO - HTTP Request: GET http://127.0.0.1:7860/gradio_api/startup-events "HTTP/1.1 200 OK"
2025-01-21 21:11:29,369 - INFO - HTTP Request: HEAD http://127.0.0.1:7860/ "HTTP/1.1 200 OK"
2025-01-21 21:11:29,578 - INFO - HTTP Request: GET https://api.gradio.app/pkg-version "HTTP/1.1 200 OK"
2025-01-21 21:11:29,784 - INFO - HTTP Request: GET https://api.gradio.app/v3/tunnel-request "HTTP/1.1 200 OK"
2025-01-21 21:11:39,145 - INFO - file_cache is only supported with oauth2client<4.0.0
2025-01-21 21:11:39,419 - INFO - file_cache is only supported with oauth2client<4.0.0
2025-01-21 21:11:39,762 - INFO - Fetched 100 comments for Video ID: AJCfETtP4MU
2025-01-21 21:11:42,934 - INFO - Sentiment analysis completed successfully.
2025-01-21 21:11:42,956 - INFO - Pie chart generated successfully for Naruto Surpasses Fourth Raikage's Max Speed, Minato Fights Killer Bee And 4th Raikage  English DUB.
2025-01-21 21:11:42,956 - INFO - Overall Sentiment: Overall Video Sentiment: POSITIVE
2025-01-21 21:15:50,739 - INFO - Sentiment analysis model loaded successfully.
2025-01-21 21:15:51,334 - INFO - HTTP Request: GET https://api.gradio.app/pkg-version "HTTP/1.1 200 OK"
2025-01-21 21:19:22,628 - INFO - Sentiment analysis model loaded successfully.
2025-01-21 21:19:22,782 - INFO - HTTP Request: GET http://127.0.0.1:7860/gradio_api/startup-events "HTTP/1.1 200 OK"
2025-01-21 21:19:22,791 - INFO - HTTP Request: HEAD http://127.0.0.1:7860/ "HTTP/1.1 200 OK"
2025-01-21 21:19:23,078 - INFO - HTTP Request: GET https://api.gradio.app/pkg-version "HTTP/1.1 200 OK"
2025-01-21 21:19:23,194 - INFO - HTTP Request: GET https://api.gradio.app/v3/tunnel-request "HTTP/1.1 200 OK"
2025-01-21 21:19:43,973 - INFO - file_cache is only supported with oauth2client<4.0.0
2025-01-21 21:19:44,279 - INFO - file_cache is only supported with oauth2client<4.0.0
2025-01-21 21:19:44,603 - INFO - Fetched 100 comments for Video ID: 0e9WuB0Ua98
2025-01-21 21:19:48,165 - INFO - Sentiment analysis completed successfully.
2025-01-21 21:19:48,193 - INFO - Pie chart generated successfully for Uncle Roger Review CRAZY OFFICE COOKING (Ms Yeah).
2025-01-21 21:19:48,193 - INFO - Overall Sentiment: Overall Video Sentiment: POSITIVE
2025-01-21 21:22:24,275 - INFO - Sentiment analysis model loaded successfully.
2025-01-21 21:22:24,454 - INFO - HTTP Request: GET http://127.0.0.1:7860/gradio_api/startup-events "HTTP/1.1 200 OK"
2025-01-21 21:22:24,465 - INFO - HTTP Request: HEAD http://127.0.0.1:7860/ "HTTP/1.1 200 OK"
2025-01-21 21:22:24,717 - INFO - HTTP Request: GET https://api.gradio.app/pkg-version "HTTP/1.1 200 OK"
2025-01-21 21:22:24,892 - INFO - HTTP Request: GET https://api.gradio.app/v3/tunnel-request "HTTP/1.1 200 OK"
2025-01-21 21:23:10,262 - INFO - file_cache is only supported with oauth2client<4.0.0
2025-01-21 21:23:10,538 - INFO - file_cache is only supported with oauth2client<4.0.0
2025-01-21 21:23:10,880 - INFO - Fetched 100 comments for Video ID: 0e9WuB0Ua98
2025-01-21 21:23:14,306 - INFO - Sentiment analysis completed successfully.
2025-01-21 21:23:14,321 - INFO - Pie chart generated successfully for Uncle Roger Review CRAZY OFFICE COOKING (Ms Yeah).
2025-01-21 21:23:14,321 - INFO - Overall Sentiment: Overall Video Sentiment: POSITIVE
2025-01-21 21:24:19,859 - INFO - file_cache is only supported with oauth2client<4.0.0
2025-01-21 21:24:20,136 - INFO - file_cache is only supported with oauth2client<4.0.0
2025-01-21 21:24:20,622 - INFO - Fetched 100 comments for Video ID: 3JZ_D3ELwOQ
2025-01-21 21:24:22,889 - INFO - Sentiment analysis completed successfully.
2025-01-21 21:24:22,898 - INFO - Pie chart generated successfully for Flexin' On Ya (2014).
2025-01-21 21:24:22,898 - INFO - Overall Sentiment: Overall Video Sentiment: NEGATIVE
2025-01-21 21:24:36,041 - INFO - file_cache is only supported with oauth2client<4.0.0
2025-01-21 21:24:36,306 - INFO - file_cache is only supported with oauth2client<4.0.0
2025-01-21 21:24:36,718 - INFO - Fetched 100 comments for Video ID: dQw4w9WgXcQ
2025-01-21 21:24:38,563 - INFO - Sentiment analysis completed successfully.
2025-01-21 21:24:38,571 - INFO - Pie chart generated successfully for Rick Astley - Never Gonna Give You Up (Official Music Video).
2025-01-21 21:24:38,571 - INFO - Overall Sentiment: Overall Video Sentiment: POSITIVE
2025-01-21 21:25:37,916 - INFO - Sentiment analysis model loaded successfully.
2025-01-21 21:25:38,078 - INFO - HTTP Request: GET http://127.0.0.1:7860/gradio_api/startup-events "HTTP/1.1 200 OK"
2025-01-21 21:25:38,088 - INFO - HTTP Request: HEAD http://127.0.0.1:7860/ "HTTP/1.1 200 OK"
2025-01-21 21:25:38,375 - INFO - HTTP Request: GET https://api.gradio.app/pkg-version "HTTP/1.1 200 OK"
2025-01-21 21:25:38,505 - INFO - HTTP Request: GET https://api.gradio.app/v3/tunnel-request "HTTP/1.1 200 OK"
2025-01-21 21:25:59,967 - INFO - file_cache is only supported with oauth2client<4.0.0
2025-01-21 21:26:00,285 - INFO - file_cache is only supported with oauth2client<4.0.0
2025-01-21 21:26:00,694 - INFO - Fetched 100 comments for Video ID: 0e9WuB0Ua98
2025-01-21 21:26:03,836 - INFO - Sentiment analysis completed successfully.
2025-01-21 21:26:03,846 - INFO - Pie chart generated successfully for Uncle Roger Review CRAZY OFFICE COOKING (Ms Yeah).
2025-01-21 21:26:03,847 - INFO - Overall Sentiment: Overall Video Sentiment: POSITIVE
2025-01-21 21:26:03,847 - ERROR - Unexpected Error: 'list' object has no attribute 'head'
Traceback (most recent call last):
  File "/Users/yuvaraj/Desktop/projects/youtube_sentiment/app.py", line 37, in youtube_sentiment_analysis
    return summary, chart, pd.DataFrame(sentiment_results.head(5))
                                        ^^^^^^^^^^^^^^^^^^^^^^
AttributeError: 'list' object has no attribute 'head'
2025-01-21 21:26:32,591 - INFO - Sentiment analysis model loaded successfully.
2025-01-21 21:26:32,762 - INFO - HTTP Request: GET http://127.0.0.1:7860/gradio_api/startup-events "HTTP/1.1 200 OK"
2025-01-21 21:26:32,771 - INFO - HTTP Request: HEAD http://127.0.0.1:7860/ "HTTP/1.1 200 OK"
2025-01-21 21:26:33,064 - INFO - HTTP Request: GET https://api.gradio.app/pkg-version "HTTP/1.1 200 OK"
2025-01-21 21:26:33,179 - INFO - HTTP Request: GET https://api.gradio.app/v3/tunnel-request "HTTP/1.1 200 OK"
2025-01-21 21:26:44,023 - INFO - file_cache is only supported with oauth2client<4.0.0
2025-01-21 21:26:44,264 - INFO - file_cache is only supported with oauth2client<4.0.0
2025-01-21 21:26:44,616 - INFO - Fetched 100 comments for Video ID: 0e9WuB0Ua98
2025-01-21 21:26:47,768 - INFO - Sentiment analysis completed successfully.
2025-01-21 21:26:47,777 - INFO - Pie chart generated successfully for Uncle Roger Review CRAZY OFFICE COOKING (Ms Yeah).
2025-01-21 21:26:47,777 - INFO - Overall Sentiment: Overall Video Sentiment: POSITIVE
2025-01-21 21:27:02,198 - INFO - file_cache is only supported with oauth2client<4.0.0
2025-01-21 21:27:02,480 - INFO - file_cache is only supported with oauth2client<4.0.0
2025-01-21 21:27:02,832 - INFO - Fetched 100 comments for Video ID: dQw4w9WgXcQ
2025-01-21 21:27:04,787 - INFO - Sentiment analysis completed successfully.
2025-01-21 21:27:04,795 - INFO - Pie chart generated successfully for Rick Astley - Never Gonna Give You Up (Official Music Video).
2025-01-21 21:27:04,795 - INFO - Overall Sentiment: Overall Video Sentiment: POSITIVE
2025-01-21 21:27:11,799 - INFO - file_cache is only supported with oauth2client<4.0.0
2025-01-21 21:27:12,040 - INFO - file_cache is only supported with oauth2client<4.0.0
2025-01-21 21:27:12,472 - INFO - Fetched 100 comments for Video ID: 9bZkp7q19f0
2025-01-21 21:27:14,714 - INFO - Sentiment analysis completed successfully.
2025-01-21 21:27:14,721 - INFO - Pie chart generated successfully for PSY - GANGNAM STYLE(강남스타일) M/V.
2025-01-21 21:27:14,721 - INFO - Overall Sentiment: Overall Video Sentiment: POSITIVE
2025-01-21 21:27:20,411 - INFO - file_cache is only supported with oauth2client<4.0.0
2025-01-21 21:27:20,670 - INFO - file_cache is only supported with oauth2client<4.0.0
2025-01-21 21:27:21,034 - INFO - Fetched 100 comments for Video ID: 2Vv-BfVoq4g
2025-01-21 21:27:22,793 - INFO - Sentiment analysis completed successfully.
2025-01-21 21:27:22,799 - INFO - Pie chart generated successfully for Ed Sheeran - Perfect (Official Music Video).
2025-01-21 21:27:22,800 - INFO - Overall Sentiment: Overall Video Sentiment: POSITIVE
2025-01-21 21:29:15,301 - INFO - file_cache is only supported with oauth2client<4.0.0
2025-01-21 21:29:15,601 - INFO - file_cache is only supported with oauth2client<4.0.0
2025-01-21 21:29:15,989 - INFO - Fetched 100 comments for Video ID: 0e9WuB0Ua98
2025-01-21 21:29:17,860 - INFO - Sentiment analysis completed successfully.
2025-01-21 21:29:17,874 - INFO - Pie chart generated successfully for Uncle Roger Review CRAZY OFFICE COOKING (Ms Yeah).
2025-01-21 21:29:17,874 - INFO - Overall Sentiment: Overall Video Sentiment: POSITIVE
